<?xml version="1.0" encoding="utf-8"?><testsuites><testsuite name="pytest" errors="0" failures="0" skipped="0" tests="2" time="0.012" timestamp="2025-04-19T01:37:10.618479+08:00" hostname="lizhixindeMacBook-Pro.local"><testcase classname="NLA.src.tests.lu_decomposition_test" name="test_demo" time="0.000" /><testcase classname="NLA.src.tests.lu_decomposition_test" name="test_fibonacci" time="0.000" /></testsuite></testsuites>